{"C:\\Users\\Nothando\\Documents\\3rd year 2024\\SD Project sem2\\KuduNav-BusSchedule\\config\\db.js": {"path":"C:\\Users\\Nothando\\Documents\\3rd year 2024\\SD Project sem2\\KuduNav-BusSchedule\\config\\db.js","statementMap":{"0":{"start":{"line":3,"column":12},"end":{"line":3,"column":125}},"1":{"start":{"line":5,"column":18},"end":{"line":18,"column":1}},"2":{"start":{"line":6,"column":4},"end":{"line":15,"column":1}},"3":{"start":{"line":7,"column":4},"end":{"line":10,"column":7}},"4":{"start":{"line":11,"column":4},"end":{"line":11,"column":37}},"5":{"start":{"line":13,"column":4},"end":{"line":13,"column":45}},"6":{"start":{"line":14,"column":4},"end":{"line":14,"column":20}}},"fnMap":{"0":{"name":"(anonymous_0)","decl":{"start":{"line":5,"column":18},"end":{"line":5,"column":19}},"loc":{"start":{"line":5,"column":29},"end":{"line":18,"column":1}},"line":5}},"branchMap":{},"s":{"0":1,"1":1,"2":1,"3":1,"4":1,"5":0,"6":0},"f":{"0":1},"b":{},"_coverageSchema":"1a1c01bbd47fc00a2c39e90264f33305004495a9","hash":"283615c0c0ac5b531a54ec4d93abbeb852759e44"}
,"C:\\Users\\Nothando\\Documents\\3rd year 2024\\SD Project sem2\\KuduNav-BusSchedule\\controller\\busController.js": {"path":"C:\\Users\\Nothando\\Documents\\3rd year 2024\\SD Project sem2\\KuduNav-BusSchedule\\controller\\busController.js","statementMap":{"0":{"start":{"line":5,"column":15},"end":{"line":24,"column":1}},"1":{"start":{"line":7,"column":16},"end":{"line":9,"column":6}},"2":{"start":{"line":11,"column":4},"end":{"line":23,"column":5}},"3":{"start":{"line":12,"column":8},"end":{"line":12,"column":25}},"4":{"start":{"line":13,"column":8},"end":{"line":16,"column":10}},"5":{"start":{"line":18,"column":8},"end":{"line":18,"column":26}},"6":{"start":{"line":19,"column":8},"end":{"line":22,"column":10}},"7":{"start":{"line":27,"column":18},"end":{"line":35,"column":1}},"8":{"start":{"line":28,"column":4},"end":{"line":34,"column":5}},"9":{"start":{"line":29,"column":22},"end":{"line":29,"column":45}},"10":{"start":{"line":30,"column":8},"end":{"line":30,"column":45}},"11":{"start":{"line":32,"column":8},"end":{"line":32,"column":26}},"12":{"start":{"line":33,"column":8},"end":{"line":33,"column":50}},"13":{"start":{"line":38,"column":20},"end":{"line":47,"column":1}},"14":{"start":{"line":39,"column":4},"end":{"line":46,"column":5}},"15":{"start":{"line":40,"column":20},"end":{"line":40,"column":56}},"16":{"start":{"line":41,"column":8},"end":{"line":41,"column":53}},"17":{"start":{"line":42,"column":8},"end":{"line":42,"column":55}},"18":{"start":{"line":44,"column":8},"end":{"line":44,"column":26}},"19":{"start":{"line":45,"column":8},"end":{"line":45,"column":49}}},"fnMap":{"0":{"name":"(anonymous_0)","decl":{"start":{"line":5,"column":15},"end":{"line":5,"column":16}},"loc":{"start":{"line":5,"column":33},"end":{"line":24,"column":1}},"line":5},"1":{"name":"(anonymous_1)","decl":{"start":{"line":27,"column":18},"end":{"line":27,"column":19}},"loc":{"start":{"line":27,"column":35},"end":{"line":35,"column":1}},"line":27},"2":{"name":"(anonymous_2)","decl":{"start":{"line":38,"column":20},"end":{"line":38,"column":21}},"loc":{"start":{"line":38,"column":39},"end":{"line":47,"column":1}},"line":38}},"branchMap":{},"s":{"0":1,"1":0,"2":0,"3":0,"4":0,"5":0,"6":0,"7":1,"8":0,"9":0,"10":0,"11":0,"12":0,"13":1,"14":0,"15":0,"16":0,"17":0,"18":0,"19":0},"f":{"0":0,"1":0,"2":0},"b":{},"_coverageSchema":"1a1c01bbd47fc00a2c39e90264f33305004495a9","hash":"115b6762f63a1f10f7d403803351bdf6701fcb35"}
,"C:\\Users\\Nothando\\Documents\\3rd year 2024\\SD Project sem2\\KuduNav-BusSchedule\\controller\\routeController.js": {"path":"C:\\Users\\Nothando\\Documents\\3rd year 2024\\SD Project sem2\\KuduNav-BusSchedule\\controller\\routeController.js","statementMap":{"0":{"start":{"line":7,"column":17},"end":{"line":27,"column":1}},"1":{"start":{"line":9,"column":18},"end":{"line":12,"column":6}},"2":{"start":{"line":14,"column":4},"end":{"line":26,"column":5}},"3":{"start":{"line":15,"column":8},"end":{"line":15,"column":27}},"4":{"start":{"line":16,"column":8},"end":{"line":19,"column":10}},"5":{"start":{"line":21,"column":8},"end":{"line":21,"column":26}},"6":{"start":{"line":22,"column":8},"end":{"line":25,"column":10}},"7":{"start":{"line":30,"column":19},"end":{"line":38,"column":1}},"8":{"start":{"line":31,"column":4},"end":{"line":37,"column":5}},"9":{"start":{"line":32,"column":23},"end":{"line":32,"column":48}},"10":{"start":{"line":33,"column":8},"end":{"line":33,"column":46}},"11":{"start":{"line":35,"column":8},"end":{"line":35,"column":26}},"12":{"start":{"line":36,"column":8},"end":{"line":36,"column":50}},"13":{"start":{"line":51,"column":23},"end":{"line":60,"column":1}},"14":{"start":{"line":52,"column":4},"end":{"line":59,"column":5}},"15":{"start":{"line":53,"column":23},"end":{"line":53,"column":61}},"16":{"start":{"line":54,"column":27},"end":{"line":54,"column":63}},"17":{"start":{"line":54,"column":47},"end":{"line":54,"column":62}},"18":{"start":{"line":55,"column":8},"end":{"line":55,"column":29}},"19":{"start":{"line":57,"column":8},"end":{"line":57,"column":27}},"20":{"start":{"line":58,"column":8},"end":{"line":58,"column":67}},"21":{"start":{"line":62,"column":20},"end":{"line":71,"column":1}},"22":{"start":{"line":63,"column":4},"end":{"line":70,"column":5}},"23":{"start":{"line":64,"column":23},"end":{"line":64,"column":59}},"24":{"start":{"line":65,"column":24},"end":{"line":65,"column":58}},"25":{"start":{"line":65,"column":44},"end":{"line":65,"column":57}},"26":{"start":{"line":66,"column":8},"end":{"line":66,"column":26}},"27":{"start":{"line":68,"column":8},"end":{"line":68,"column":27}},"28":{"start":{"line":69,"column":8},"end":{"line":69,"column":67}},"29":{"start":{"line":73,"column":21},"end":{"line":82,"column":1}},"30":{"start":{"line":74,"column":4},"end":{"line":81,"column":5}},"31":{"start":{"line":75,"column":22},"end":{"line":75,"column":60}},"32":{"start":{"line":76,"column":8},"end":{"line":76,"column":55}},"33":{"start":{"line":77,"column":8},"end":{"line":77,"column":57}},"34":{"start":{"line":79,"column":8},"end":{"line":79,"column":26}},"35":{"start":{"line":80,"column":8},"end":{"line":80,"column":49}}},"fnMap":{"0":{"name":"(anonymous_0)","decl":{"start":{"line":7,"column":17},"end":{"line":7,"column":18}},"loc":{"start":{"line":7,"column":35},"end":{"line":27,"column":1}},"line":7},"1":{"name":"(anonymous_1)","decl":{"start":{"line":30,"column":19},"end":{"line":30,"column":20}},"loc":{"start":{"line":30,"column":36},"end":{"line":38,"column":1}},"line":30},"2":{"name":"(anonymous_2)","decl":{"start":{"line":51,"column":23},"end":{"line":51,"column":24}},"loc":{"start":{"line":51,"column":43},"end":{"line":60,"column":1}},"line":51},"3":{"name":"(anonymous_3)","decl":{"start":{"line":54,"column":38},"end":{"line":54,"column":39}},"loc":{"start":{"line":54,"column":47},"end":{"line":54,"column":62}},"line":54},"4":{"name":"(anonymous_4)","decl":{"start":{"line":62,"column":20},"end":{"line":62,"column":21}},"loc":{"start":{"line":62,"column":40},"end":{"line":71,"column":1}},"line":62},"5":{"name":"(anonymous_5)","decl":{"start":{"line":65,"column":35},"end":{"line":65,"column":36}},"loc":{"start":{"line":65,"column":44},"end":{"line":65,"column":57}},"line":65},"6":{"name":"(anonymous_6)","decl":{"start":{"line":73,"column":21},"end":{"line":73,"column":22}},"loc":{"start":{"line":73,"column":40},"end":{"line":82,"column":1}},"line":73}},"branchMap":{},"s":{"0":1,"1":0,"2":0,"3":0,"4":0,"5":0,"6":0,"7":1,"8":0,"9":0,"10":0,"11":0,"12":0,"13":1,"14":2,"15":2,"16":1,"17":2,"18":1,"19":1,"20":1,"21":1,"22":2,"23":2,"24":1,"25":2,"26":1,"27":1,"28":1,"29":1,"30":0,"31":0,"32":0,"33":0,"34":0,"35":0},"f":{"0":0,"1":0,"2":2,"3":2,"4":2,"5":2,"6":0},"b":{},"_coverageSchema":"1a1c01bbd47fc00a2c39e90264f33305004495a9","hash":"950f493f861efa3aea92c52eca81ccecc6b24def"}
,"C:\\Users\\Nothando\\Documents\\3rd year 2024\\SD Project sem2\\KuduNav-BusSchedule\\controller\\scheduleController.js": {"path":"C:\\Users\\Nothando\\Documents\\3rd year 2024\\SD Project sem2\\KuduNav-BusSchedule\\controller\\scheduleController.js","statementMap":{"0":{"start":{"line":5,"column":21},"end":{"line":13,"column":1}},"1":{"start":{"line":6,"column":4},"end":{"line":12,"column":5}},"2":{"start":{"line":7,"column":25},"end":{"line":7,"column":53}},"3":{"start":{"line":8,"column":8},"end":{"line":8,"column":48}},"4":{"start":{"line":10,"column":8},"end":{"line":10,"column":26}},"5":{"start":{"line":11,"column":8},"end":{"line":11,"column":50}},"6":{"start":{"line":15,"column":21},"end":{"line":65,"column":1}},"7":{"start":{"line":16,"column":4},"end":{"line":64,"column":5}},"8":{"start":{"line":18,"column":26},"end":{"line":18,"column":54}},"9":{"start":{"line":21,"column":23},"end":{"line":21,"column":69}},"10":{"start":{"line":22,"column":22},"end":{"line":22,"column":66}},"11":{"start":{"line":25,"column":25},"end":{"line":28,"column":14}},"12":{"start":{"line":26,"column":12},"end":{"line":26,"column":49}},"13":{"start":{"line":27,"column":12},"end":{"line":27,"column":23}},"14":{"start":{"line":30,"column":24},"end":{"line":33,"column":14}},"15":{"start":{"line":31,"column":12},"end":{"line":31,"column":45}},"16":{"start":{"line":32,"column":12},"end":{"line":32,"column":23}},"17":{"start":{"line":36,"column":20},"end":{"line":36,"column":30}},"18":{"start":{"line":37,"column":27},"end":{"line":37,"column":57}},"19":{"start":{"line":40,"column":30},"end":{"line":43,"column":9}},"20":{"start":{"line":41,"column":37},"end":{"line":41,"column":64}},"21":{"start":{"line":42,"column":12},"end":{"line":42,"column":40}},"22":{"start":{"line":46,"column":36},"end":{"line":46,"column":61}},"23":{"start":{"line":49,"column":35},"end":{"line":57,"column":9}},"24":{"start":{"line":50,"column":12},"end":{"line":56,"column":19}},"25":{"start":{"line":51,"column":32},"end":{"line":51,"column":87}},"26":{"start":{"line":52,"column":30},"end":{"line":56,"column":17}},"27":{"start":{"line":60,"column":8},"end":{"line":60,"column":37}},"28":{"start":{"line":62,"column":8},"end":{"line":62,"column":27}},"29":{"start":{"line":63,"column":8},"end":{"line":63,"column":79}},"30":{"start":{"line":67,"column":28},"end":{"line":120,"column":1}},"31":{"start":{"line":68,"column":4},"end":{"line":119,"column":5}},"32":{"start":{"line":70,"column":28},"end":{"line":70,"column":38}},"33":{"start":{"line":73,"column":26},"end":{"line":73,"column":72}},"34":{"start":{"line":76,"column":8},"end":{"line":78,"column":9}},"35":{"start":{"line":77,"column":12},"end":{"line":77,"column":105}},"36":{"start":{"line":81,"column":22},"end":{"line":81,"column":89}},"37":{"start":{"line":82,"column":22},"end":{"line":82,"column":66}},"38":{"start":{"line":85,"column":24},"end":{"line":88,"column":14}},"39":{"start":{"line":86,"column":12},"end":{"line":86,"column":45}},"40":{"start":{"line":87,"column":12},"end":{"line":87,"column":23}},"41":{"start":{"line":91,"column":20},"end":{"line":91,"column":30}},"42":{"start":{"line":92,"column":27},"end":{"line":92,"column":57}},"43":{"start":{"line":95,"column":30},"end":{"line":98,"column":9}},"44":{"start":{"line":96,"column":37},"end":{"line":96,"column":64}},"45":{"start":{"line":97,"column":12},"end":{"line":97,"column":40}},"46":{"start":{"line":101,"column":36},"end":{"line":101,"column":61}},"47":{"start":{"line":104,"column":35},"end":{"line":112,"column":9}},"48":{"start":{"line":105,"column":12},"end":{"line":111,"column":19}},"49":{"start":{"line":106,"column":32},"end":{"line":106,"column":87}},"50":{"start":{"line":107,"column":30},"end":{"line":111,"column":17}},"51":{"start":{"line":115,"column":8},"end":{"line":115,"column":38}},"52":{"start":{"line":117,"column":8},"end":{"line":117,"column":27}},"53":{"start":{"line":118,"column":8},"end":{"line":118,"column":105}}},"fnMap":{"0":{"name":"(anonymous_0)","decl":{"start":{"line":5,"column":21},"end":{"line":5,"column":22}},"loc":{"start":{"line":5,"column":38},"end":{"line":13,"column":1}},"line":5},"1":{"name":"(anonymous_1)","decl":{"start":{"line":15,"column":21},"end":{"line":15,"column":22}},"loc":{"start":{"line":15,"column":41},"end":{"line":65,"column":1}},"line":15},"2":{"name":"(anonymous_2)","decl":{"start":{"line":25,"column":39},"end":{"line":25,"column":40}},"loc":{"start":{"line":25,"column":55},"end":{"line":28,"column":9}},"line":25},"3":{"name":"(anonymous_3)","decl":{"start":{"line":30,"column":37},"end":{"line":30,"column":38}},"loc":{"start":{"line":30,"column":52},"end":{"line":33,"column":9}},"line":30},"4":{"name":"(anonymous_4)","decl":{"start":{"line":40,"column":30},"end":{"line":40,"column":31}},"loc":{"start":{"line":40,"column":40},"end":{"line":43,"column":9}},"line":40},"5":{"name":"(anonymous_5)","decl":{"start":{"line":49,"column":53},"end":{"line":49,"column":54}},"loc":{"start":{"line":50,"column":12},"end":{"line":56,"column":19}},"line":50},"6":{"name":"(anonymous_6)","decl":{"start":{"line":51,"column":24},"end":{"line":51,"column":25}},"loc":{"start":{"line":51,"column":32},"end":{"line":51,"column":87}},"line":51},"7":{"name":"(anonymous_7)","decl":{"start":{"line":52,"column":21},"end":{"line":52,"column":22}},"loc":{"start":{"line":52,"column":30},"end":{"line":56,"column":17}},"line":52},"8":{"name":"(anonymous_8)","decl":{"start":{"line":67,"column":28},"end":{"line":67,"column":29}},"loc":{"start":{"line":67,"column":48},"end":{"line":120,"column":1}},"line":67},"9":{"name":"(anonymous_9)","decl":{"start":{"line":85,"column":37},"end":{"line":85,"column":38}},"loc":{"start":{"line":85,"column":52},"end":{"line":88,"column":9}},"line":85},"10":{"name":"(anonymous_10)","decl":{"start":{"line":95,"column":30},"end":{"line":95,"column":31}},"loc":{"start":{"line":95,"column":40},"end":{"line":98,"column":9}},"line":95},"11":{"name":"(anonymous_11)","decl":{"start":{"line":104,"column":53},"end":{"line":104,"column":54}},"loc":{"start":{"line":105,"column":12},"end":{"line":111,"column":19}},"line":105},"12":{"name":"(anonymous_12)","decl":{"start":{"line":106,"column":24},"end":{"line":106,"column":25}},"loc":{"start":{"line":106,"column":32},"end":{"line":106,"column":87}},"line":106},"13":{"name":"(anonymous_13)","decl":{"start":{"line":107,"column":21},"end":{"line":107,"column":22}},"loc":{"start":{"line":107,"column":30},"end":{"line":111,"column":17}},"line":107}},"branchMap":{"0":{"loc":{"start":{"line":76,"column":8},"end":{"line":78,"column":9}},"type":"if","locations":[{"start":{"line":76,"column":8},"end":{"line":78,"column":9}},{"start":{},"end":{}}],"line":76},"1":{"loc":{"start":{"line":108,"column":31},"end":{"line":108,"column":66}},"type":"binary-expr","locations":[{"start":{"line":108,"column":31},"end":{"line":108,"column":47}},{"start":{"line":108,"column":51},"end":{"line":108,"column":66}}],"line":108}},"s":{"0":1,"1":0,"2":0,"3":0,"4":0,"5":0,"6":1,"7":0,"8":0,"9":0,"10":0,"11":0,"12":0,"13":0,"14":0,"15":0,"16":0,"17":0,"18":0,"19":0,"20":0,"21":0,"22":0,"23":0,"24":0,"25":0,"26":0,"27":0,"28":0,"29":0,"30":1,"31":0,"32":0,"33":0,"34":0,"35":0,"36":0,"37":0,"38":0,"39":0,"40":0,"41":0,"42":0,"43":0,"44":0,"45":0,"46":0,"47":0,"48":0,"49":0,"50":0,"51":0,"52":0,"53":0},"f":{"0":0,"1":0,"2":0,"3":0,"4":0,"5":0,"6":0,"7":0,"8":0,"9":0,"10":0,"11":0,"12":0,"13":0},"b":{"0":[0,0],"1":[0,0]},"_coverageSchema":"1a1c01bbd47fc00a2c39e90264f33305004495a9","hash":"82622b9712f75b628102bc5bda45dd9c73e1b122"}
,"C:\\Users\\Nothando\\Documents\\3rd year 2024\\SD Project sem2\\KuduNav-BusSchedule\\controller\\stopsController.js": {"path":"C:\\Users\\Nothando\\Documents\\3rd year 2024\\SD Project sem2\\KuduNav-BusSchedule\\controller\\stopsController.js","statementMap":{"0":{"start":{"line":5,"column":16},"end":{"line":24,"column":1}},"1":{"start":{"line":7,"column":17},"end":{"line":9,"column":6}},"2":{"start":{"line":11,"column":4},"end":{"line":23,"column":5}},"3":{"start":{"line":12,"column":8},"end":{"line":12,"column":26}},"4":{"start":{"line":13,"column":8},"end":{"line":16,"column":10}},"5":{"start":{"line":18,"column":8},"end":{"line":18,"column":26}},"6":{"start":{"line":19,"column":8},"end":{"line":22,"column":10}},"7":{"start":{"line":27,"column":18},"end":{"line":35,"column":1}},"8":{"start":{"line":28,"column":4},"end":{"line":34,"column":5}},"9":{"start":{"line":29,"column":22},"end":{"line":29,"column":57}},"10":{"start":{"line":30,"column":8},"end":{"line":30,"column":23}},"11":{"start":{"line":32,"column":8},"end":{"line":32,"column":26}},"12":{"start":{"line":33,"column":8},"end":{"line":33,"column":50}},"13":{"start":{"line":38,"column":20},"end":{"line":47,"column":1}},"14":{"start":{"line":39,"column":4},"end":{"line":46,"column":5}},"15":{"start":{"line":40,"column":21},"end":{"line":40,"column":58}},"16":{"start":{"line":41,"column":8},"end":{"line":41,"column":54}},"17":{"start":{"line":42,"column":8},"end":{"line":42,"column":55}},"18":{"start":{"line":44,"column":8},"end":{"line":44,"column":26}},"19":{"start":{"line":45,"column":8},"end":{"line":45,"column":49}}},"fnMap":{"0":{"name":"(anonymous_0)","decl":{"start":{"line":5,"column":16},"end":{"line":5,"column":17}},"loc":{"start":{"line":5,"column":34},"end":{"line":24,"column":1}},"line":5},"1":{"name":"(anonymous_1)","decl":{"start":{"line":27,"column":18},"end":{"line":27,"column":19}},"loc":{"start":{"line":27,"column":35},"end":{"line":35,"column":1}},"line":27},"2":{"name":"(anonymous_2)","decl":{"start":{"line":38,"column":20},"end":{"line":38,"column":21}},"loc":{"start":{"line":38,"column":39},"end":{"line":47,"column":1}},"line":38}},"branchMap":{},"s":{"0":1,"1":0,"2":0,"3":0,"4":0,"5":0,"6":0,"7":1,"8":0,"9":0,"10":0,"11":0,"12":0,"13":1,"14":0,"15":0,"16":0,"17":0,"18":0,"19":0},"f":{"0":0,"1":0,"2":0},"b":{},"_coverageSchema":"1a1c01bbd47fc00a2c39e90264f33305004495a9","hash":"6604ccfa4bd261aa8ae8e55d340d7d5184af1e4f"}
,"C:\\Users\\Nothando\\Documents\\3rd year 2024\\SD Project sem2\\KuduNav-BusSchedule\\controller\\subscribedController.js": {"path":"C:\\Users\\Nothando\\Documents\\3rd year 2024\\SD Project sem2\\KuduNav-BusSchedule\\controller\\subscribedController.js","statementMap":{"0":{"start":{"line":10,"column":29},"end":{"line":34,"column":1}},"1":{"start":{"line":11,"column":30},"end":{"line":11,"column":38}},"2":{"start":{"line":14,"column":4},"end":{"line":16,"column":5}},"3":{"start":{"line":15,"column":8},"end":{"line":15,"column":84}},"4":{"start":{"line":18,"column":4},"end":{"line":33,"column":5}},"5":{"start":{"line":20,"column":32},"end":{"line":23,"column":10}},"6":{"start":{"line":26,"column":8},"end":{"line":26,"column":37}},"7":{"start":{"line":29,"column":8},"end":{"line":29,"column":108}},"8":{"start":{"line":32,"column":8},"end":{"line":32,"column":93}},"9":{"start":{"line":36,"column":17},"end":{"line":44,"column":1}},"10":{"start":{"line":37,"column":2},"end":{"line":43,"column":3}},"11":{"start":{"line":38,"column":19},"end":{"line":38,"column":71}},"12":{"start":{"line":39,"column":6},"end":{"line":39,"column":20}},"13":{"start":{"line":41,"column":6},"end":{"line":41,"column":24}},"14":{"start":{"line":42,"column":6},"end":{"line":42,"column":48}}},"fnMap":{"0":{"name":"(anonymous_0)","decl":{"start":{"line":10,"column":29},"end":{"line":10,"column":30}},"loc":{"start":{"line":10,"column":49},"end":{"line":34,"column":1}},"line":10},"1":{"name":"(anonymous_1)","decl":{"start":{"line":36,"column":17},"end":{"line":36,"column":18}},"loc":{"start":{"line":36,"column":34},"end":{"line":44,"column":1}},"line":36}},"branchMap":{"0":{"loc":{"start":{"line":14,"column":4},"end":{"line":16,"column":5}},"type":"if","locations":[{"start":{"line":14,"column":4},"end":{"line":16,"column":5}},{"start":{},"end":{}}],"line":14},"1":{"loc":{"start":{"line":14,"column":8},"end":{"line":14,"column":27}},"type":"binary-expr","locations":[{"start":{"line":14,"column":8},"end":{"line":14,"column":15}},{"start":{"line":14,"column":19},"end":{"line":14,"column":27}}],"line":14}},"s":{"0":1,"1":0,"2":0,"3":0,"4":0,"5":0,"6":0,"7":0,"8":0,"9":1,"10":0,"11":0,"12":0,"13":0,"14":0},"f":{"0":0,"1":0},"b":{"0":[0,0],"1":[0,0]},"_coverageSchema":"1a1c01bbd47fc00a2c39e90264f33305004495a9","hash":"662ff262083b035758a97d8ed8c97cd434b3f10e"}
,"C:\\Users\\Nothando\\Documents\\3rd year 2024\\SD Project sem2\\KuduNav-BusSchedule\\models\\busModel.js": {"path":"C:\\Users\\Nothando\\Documents\\3rd year 2024\\SD Project sem2\\KuduNav-BusSchedule\\models\\busModel.js","statementMap":{"0":{"start":{"line":3,"column":18},"end":{"line":6,"column":2}},"1":{"start":{"line":8,"column":17},"end":{"line":8,"column":73}}},"fnMap":{},"branchMap":{"0":{"loc":{"start":{"line":8,"column":17},"end":{"line":8,"column":73}},"type":"binary-expr","locations":[{"start":{"line":8,"column":17},"end":{"line":8,"column":36}},{"start":{"line":8,"column":40},"end":{"line":8,"column":73}}],"line":8}},"s":{"0":1,"1":1},"f":{},"b":{"0":[1,1]},"_coverageSchema":"1a1c01bbd47fc00a2c39e90264f33305004495a9","hash":"06e6918314d135c61860159f1d64f979d03d535a"}
,"C:\\Users\\Nothando\\Documents\\3rd year 2024\\SD Project sem2\\KuduNav-BusSchedule\\models\\routeModel.js": {"path":"C:\\Users\\Nothando\\Documents\\3rd year 2024\\SD Project sem2\\KuduNav-BusSchedule\\models\\routeModel.js","statementMap":{"0":{"start":{"line":3,"column":21},"end":{"line":7,"column":2}},"1":{"start":{"line":9,"column":19},"end":{"line":9,"column":81}}},"fnMap":{},"branchMap":{"0":{"loc":{"start":{"line":9,"column":19},"end":{"line":9,"column":81}},"type":"binary-expr","locations":[{"start":{"line":9,"column":19},"end":{"line":9,"column":40}},{"start":{"line":9,"column":44},"end":{"line":9,"column":81}}],"line":9}},"s":{"0":1,"1":1},"f":{},"b":{"0":[1,1]},"_coverageSchema":"1a1c01bbd47fc00a2c39e90264f33305004495a9","hash":"f89dbbb26818d11206159de6d9b69e5a0fe686d7"}
,"C:\\Users\\Nothando\\Documents\\3rd year 2024\\SD Project sem2\\KuduNav-BusSchedule\\models\\scheduleModel.js": {"path":"C:\\Users\\Nothando\\Documents\\3rd year 2024\\SD Project sem2\\KuduNav-BusSchedule\\models\\scheduleModel.js","statementMap":{"0":{"start":{"line":3,"column":19},"end":{"line":7,"column":4}},"1":{"start":{"line":9,"column":23},"end":{"line":15,"column":2}},"2":{"start":{"line":17,"column":22},"end":{"line":17,"column":92}}},"fnMap":{},"branchMap":{"0":{"loc":{"start":{"line":17,"column":22},"end":{"line":17,"column":92}},"type":"binary-expr","locations":[{"start":{"line":17,"column":22},"end":{"line":17,"column":46}},{"start":{"line":17,"column":50},"end":{"line":17,"column":92}}],"line":17}},"s":{"0":1,"1":1,"2":1},"f":{},"b":{"0":[1,1]},"_coverageSchema":"1a1c01bbd47fc00a2c39e90264f33305004495a9","hash":"069f46356e348f9230aea1ca7d9d04239b042e33"}
,"C:\\Users\\Nothando\\Documents\\3rd year 2024\\SD Project sem2\\KuduNav-BusSchedule\\models\\stopsModel.js": {"path":"C:\\Users\\Nothando\\Documents\\3rd year 2024\\SD Project sem2\\KuduNav-BusSchedule\\models\\stopsModel.js","statementMap":{"0":{"start":{"line":3,"column":26},"end":{"line":12,"column":4}},"1":{"start":{"line":13,"column":20},"end":{"line":19,"column":2}},"2":{"start":{"line":21,"column":19},"end":{"line":21,"column":77}}},"fnMap":{},"branchMap":{"0":{"loc":{"start":{"line":21,"column":19},"end":{"line":21,"column":77}},"type":"binary-expr","locations":[{"start":{"line":21,"column":19},"end":{"line":21,"column":38}},{"start":{"line":21,"column":42},"end":{"line":21,"column":77}}],"line":21}},"s":{"0":1,"1":1,"2":1},"f":{},"b":{"0":[1,1]},"_coverageSchema":"1a1c01bbd47fc00a2c39e90264f33305004495a9","hash":"1b2296093a04a04ddf0368cf08e0331a7b336b80"}
,"C:\\Users\\Nothando\\Documents\\3rd year 2024\\SD Project sem2\\KuduNav-BusSchedule\\models\\subscribedModel.js": {"path":"C:\\Users\\Nothando\\Documents\\3rd year 2024\\SD Project sem2\\KuduNav-BusSchedule\\models\\subscribedModel.js","statementMap":{"0":{"start":{"line":3,"column":24},"end":{"line":6,"column":2}},"1":{"start":{"line":8,"column":23},"end":{"line":8,"column":66}}},"fnMap":{},"branchMap":{},"s":{"0":1,"1":1},"f":{},"b":{},"_coverageSchema":"1a1c01bbd47fc00a2c39e90264f33305004495a9","hash":"1e000b702f0ce0d42071c74b3a7886f94161b796"}
,"C:\\Users\\Nothando\\Documents\\3rd year 2024\\SD Project sem2\\KuduNav-BusSchedule\\src\\app.js": {"path":"C:\\Users\\Nothando\\Documents\\3rd year 2024\\SD Project sem2\\KuduNav-BusSchedule\\src\\app.js","statementMap":{"0":{"start":{"line":11,"column":12},"end":{"line":11,"column":21}},"1":{"start":{"line":13,"column":20},"end":{"line":15,"column":1}},"2":{"start":{"line":14,"column":2},"end":{"line":14,"column":20}},"3":{"start":{"line":17,"column":0},"end":{"line":17,"column":14}},"4":{"start":{"line":19,"column":0},"end":{"line":35,"column":5}},"5":{"start":{"line":20,"column":4},"end":{"line":20,"column":51}},"6":{"start":{"line":21,"column":4},"end":{"line":24,"column":6}},"7":{"start":{"line":25,"column":4},"end":{"line":28,"column":6}},"8":{"start":{"line":29,"column":4},"end":{"line":29,"column":57}},"9":{"start":{"line":30,"column":4},"end":{"line":34,"column":5}},"10":{"start":{"line":31,"column":6},"end":{"line":31,"column":26}},"11":{"start":{"line":33,"column":6},"end":{"line":33,"column":13}},"12":{"start":{"line":37,"column":0},"end":{"line":37,"column":15}},"13":{"start":{"line":38,"column":0},"end":{"line":38,"column":18}},"14":{"start":{"line":39,"column":0},"end":{"line":39,"column":21}},"15":{"start":{"line":42,"column":0},"end":{"line":42,"column":23}},"16":{"start":{"line":43,"column":0},"end":{"line":43,"column":21}}},"fnMap":{"0":{"name":"(anonymous_0)","decl":{"start":{"line":13,"column":20},"end":{"line":13,"column":21}},"loc":{"start":{"line":13,"column":32},"end":{"line":15,"column":1}},"line":13},"1":{"name":"(anonymous_1)","decl":{"start":{"line":19,"column":8},"end":{"line":19,"column":9}},"loc":{"start":{"line":19,"column":34},"end":{"line":35,"column":3}},"line":19}},"branchMap":{"0":{"loc":{"start":{"line":30,"column":4},"end":{"line":34,"column":5}},"type":"if","locations":[{"start":{"line":30,"column":4},"end":{"line":34,"column":5}},{"start":{"line":32,"column":11},"end":{"line":34,"column":5}}],"line":30}},"s":{"0":1,"1":1,"2":1,"3":1,"4":1,"5":4,"6":4,"7":4,"8":4,"9":4,"10":0,"11":4,"12":1,"13":1,"14":1,"15":1,"16":1},"f":{"0":1,"1":4},"b":{"0":[0,4]},"_coverageSchema":"1a1c01bbd47fc00a2c39e90264f33305004495a9","hash":"4edc0be41ad0c5df99db2a5ece89083596d6ae47"}
,"C:\\Users\\Nothando\\Documents\\3rd year 2024\\SD Project sem2\\KuduNav-BusSchedule\\src\\routes\\busRoute.js": {"path":"C:\\Users\\Nothando\\Documents\\3rd year 2024\\SD Project sem2\\KuduNav-BusSchedule\\src\\routes\\busRoute.js","statementMap":{"0":{"start":{"line":5,"column":18},"end":{"line":5,"column":34}},"1":{"start":{"line":8,"column":0},"end":{"line":8,"column":32}},"2":{"start":{"line":9,"column":0},"end":{"line":9,"column":37}},"3":{"start":{"line":10,"column":0},"end":{"line":10,"column":40}}},"fnMap":{},"branchMap":{},"s":{"0":1,"1":1,"2":1,"3":1},"f":{},"b":{},"_coverageSchema":"1a1c01bbd47fc00a2c39e90264f33305004495a9","hash":"c5dc885e32cd0eb2636bac464a07d22e33f365d3"}
,"C:\\Users\\Nothando\\Documents\\3rd year 2024\\SD Project sem2\\KuduNav-BusSchedule\\src\\routes\\busschedule.js": {"path":"C:\\Users\\Nothando\\Documents\\3rd year 2024\\SD Project sem2\\KuduNav-BusSchedule\\src\\routes\\busschedule.js","statementMap":{"0":{"start":{"line":4,"column":15},"end":{"line":4,"column":31}},"1":{"start":{"line":7,"column":12},"end":{"line":9,"column":1}},"2":{"start":{"line":10,"column":16},"end":{"line":12,"column":1}},"3":{"start":{"line":14,"column":13},"end":{"line":18,"column":1}},"4":{"start":{"line":19,"column":15},"end":{"line":113,"column":5}},"5":{"start":{"line":115,"column":12},"end":{"line":117,"column":1}},"6":{"start":{"line":118,"column":12},"end":{"line":120,"column":1}},"7":{"start":{"line":122,"column":22},"end":{"line":124,"column":1}},"8":{"start":{"line":127,"column":13},"end":{"line":129,"column":1}},"9":{"start":{"line":131,"column":0},"end":{"line":137,"column":3}},"10":{"start":{"line":132,"column":4},"end":{"line":136,"column":5}},"11":{"start":{"line":133,"column":8},"end":{"line":133,"column":39}},"12":{"start":{"line":135,"column":8},"end":{"line":135,"column":68}},"13":{"start":{"line":139,"column":0},"end":{"line":145,"column":3}},"14":{"start":{"line":140,"column":4},"end":{"line":144,"column":5}},"15":{"start":{"line":141,"column":8},"end":{"line":141,"column":37}},"16":{"start":{"line":143,"column":8},"end":{"line":143,"column":68}},"17":{"start":{"line":147,"column":0},"end":{"line":156,"column":3}},"18":{"start":{"line":149,"column":24},"end":{"line":149,"column":60}},"19":{"start":{"line":149,"column":44},"end":{"line":149,"column":59}},"20":{"start":{"line":151,"column":4},"end":{"line":155,"column":5}},"21":{"start":{"line":152,"column":8},"end":{"line":152,"column":42}},"22":{"start":{"line":154,"column":8},"end":{"line":154,"column":70}},"23":{"start":{"line":157,"column":0},"end":{"line":187,"column":3}},"24":{"start":{"line":159,"column":21},"end":{"line":159,"column":35}},"25":{"start":{"line":162,"column":26},"end":{"line":165,"column":5}},"26":{"start":{"line":163,"column":33},"end":{"line":163,"column":60}},"27":{"start":{"line":164,"column":8},"end":{"line":164,"column":36}},"28":{"start":{"line":168,"column":30},"end":{"line":168,"column":53}},"29":{"start":{"line":171,"column":31},"end":{"line":179,"column":5}},"30":{"start":{"line":172,"column":8},"end":{"line":178,"column":15}},"31":{"start":{"line":173,"column":28},"end":{"line":173,"column":81}},"32":{"start":{"line":174,"column":26},"end":{"line":178,"column":13}},"33":{"start":{"line":182,"column":4},"end":{"line":186,"column":5}},"34":{"start":{"line":183,"column":8},"end":{"line":183,"column":49}},"35":{"start":{"line":185,"column":8},"end":{"line":185,"column":87}},"36":{"start":{"line":190,"column":0},"end":{"line":208,"column":3}},"37":{"start":{"line":192,"column":20},"end":{"line":192,"column":37}},"38":{"start":{"line":193,"column":22},"end":{"line":193,"column":41}},"39":{"start":{"line":196,"column":26},"end":{"line":199,"column":5}},"40":{"start":{"line":197,"column":8},"end":{"line":198,"column":76}},"41":{"start":{"line":201,"column":4},"end":{"line":207,"column":5}},"42":{"start":{"line":203,"column":8},"end":{"line":203,"column":44}},"43":{"start":{"line":206,"column":8},"end":{"line":206,"column":61}},"44":{"start":{"line":222,"column":0},"end":{"line":234,"column":3}},"45":{"start":{"line":223,"column":23},"end":{"line":223,"column":33}},"46":{"start":{"line":224,"column":24},"end":{"line":224,"column":32}},"47":{"start":{"line":226,"column":17},"end":{"line":226,"column":58}},"48":{"start":{"line":226,"column":36},"end":{"line":226,"column":57}},"49":{"start":{"line":228,"column":4},"end":{"line":233,"column":5}},"50":{"start":{"line":229,"column":8},"end":{"line":229,"column":44}},"51":{"start":{"line":230,"column":8},"end":{"line":230,"column":89}},"52":{"start":{"line":232,"column":8},"end":{"line":232,"column":60}},"53":{"start":{"line":237,"column":0},"end":{"line":258,"column":3}},"54":{"start":{"line":238,"column":49},"end":{"line":238,"column":57}},"55":{"start":{"line":241,"column":26},"end":{"line":241,"column":115}},"56":{"start":{"line":241,"column":47},"end":{"line":241,"column":114}},"57":{"start":{"line":241,"column":83},"end":{"line":241,"column":113}},"58":{"start":{"line":243,"column":4},"end":{"line":255,"column":7}},"59":{"start":{"line":244,"column":32},"end":{"line":252,"column":9}},"60":{"start":{"line":254,"column":8},"end":{"line":254,"column":44}},"61":{"start":{"line":257,"column":4},"end":{"line":257,"column":99}}},"fnMap":{"0":{"name":"(anonymous_0)","decl":{"start":{"line":131,"column":16},"end":{"line":131,"column":17}},"loc":{"start":{"line":131,"column":30},"end":{"line":137,"column":1}},"line":131},"1":{"name":"(anonymous_1)","decl":{"start":{"line":139,"column":22},"end":{"line":139,"column":23}},"loc":{"start":{"line":139,"column":36},"end":{"line":145,"column":1}},"line":139},"2":{"name":"(anonymous_2)","decl":{"start":{"line":147,"column":27},"end":{"line":147,"column":28}},"loc":{"start":{"line":147,"column":41},"end":{"line":156,"column":1}},"line":147},"3":{"name":"(anonymous_3)","decl":{"start":{"line":149,"column":35},"end":{"line":149,"column":36}},"loc":{"start":{"line":149,"column":44},"end":{"line":149,"column":59}},"line":149},"4":{"name":"(anonymous_4)","decl":{"start":{"line":157,"column":28},"end":{"line":157,"column":29}},"loc":{"start":{"line":157,"column":42},"end":{"line":187,"column":1}},"line":157},"5":{"name":"(anonymous_5)","decl":{"start":{"line":162,"column":26},"end":{"line":162,"column":27}},"loc":{"start":{"line":162,"column":36},"end":{"line":165,"column":5}},"line":162},"6":{"name":"(anonymous_6)","decl":{"start":{"line":171,"column":48},"end":{"line":171,"column":49}},"loc":{"start":{"line":172,"column":8},"end":{"line":178,"column":15}},"line":172},"7":{"name":"(anonymous_7)","decl":{"start":{"line":173,"column":20},"end":{"line":173,"column":21}},"loc":{"start":{"line":173,"column":28},"end":{"line":173,"column":81}},"line":173},"8":{"name":"(anonymous_8)","decl":{"start":{"line":174,"column":17},"end":{"line":174,"column":18}},"loc":{"start":{"line":174,"column":26},"end":{"line":178,"column":13}},"line":174},"9":{"name":"(anonymous_9)","decl":{"start":{"line":190,"column":34},"end":{"line":190,"column":35}},"loc":{"start":{"line":190,"column":48},"end":{"line":208,"column":1}},"line":190},"10":{"name":"(anonymous_10)","decl":{"start":{"line":196,"column":40},"end":{"line":196,"column":41}},"loc":{"start":{"line":197,"column":8},"end":{"line":198,"column":76}},"line":197},"11":{"name":"(anonymous_11)","decl":{"start":{"line":222,"column":40},"end":{"line":222,"column":41}},"loc":{"start":{"line":222,"column":54},"end":{"line":234,"column":1}},"line":222},"12":{"name":"(anonymous_12)","decl":{"start":{"line":226,"column":28},"end":{"line":226,"column":29}},"loc":{"start":{"line":226,"column":36},"end":{"line":226,"column":57}},"line":226},"13":{"name":"(anonymous_13)","decl":{"start":{"line":237,"column":36},"end":{"line":237,"column":37}},"loc":{"start":{"line":237,"column":50},"end":{"line":258,"column":1}},"line":237},"14":{"name":"(anonymous_14)","decl":{"start":{"line":241,"column":39},"end":{"line":241,"column":40}},"loc":{"start":{"line":241,"column":47},"end":{"line":241,"column":114}},"line":241},"15":{"name":"(anonymous_15)","decl":{"start":{"line":241,"column":74},"end":{"line":241,"column":75}},"loc":{"start":{"line":241,"column":83},"end":{"line":241,"column":113}},"line":241},"16":{"name":"(anonymous_16)","decl":{"start":{"line":243,"column":26},"end":{"line":243,"column":27}},"loc":{"start":{"line":243,"column":34},"end":{"line":255,"column":5}},"line":243}},"branchMap":{"0":{"loc":{"start":{"line":132,"column":4},"end":{"line":136,"column":5}},"type":"if","locations":[{"start":{"line":132,"column":4},"end":{"line":136,"column":5}},{"start":{"line":134,"column":11},"end":{"line":136,"column":5}}],"line":132},"1":{"loc":{"start":{"line":140,"column":4},"end":{"line":144,"column":5}},"type":"if","locations":[{"start":{"line":140,"column":4},"end":{"line":144,"column":5}},{"start":{"line":142,"column":11},"end":{"line":144,"column":5}}],"line":140},"2":{"loc":{"start":{"line":151,"column":4},"end":{"line":155,"column":5}},"type":"if","locations":[{"start":{"line":151,"column":4},"end":{"line":155,"column":5}},{"start":{"line":153,"column":11},"end":{"line":155,"column":5}}],"line":151},"3":{"loc":{"start":{"line":182,"column":4},"end":{"line":186,"column":5}},"type":"if","locations":[{"start":{"line":182,"column":4},"end":{"line":186,"column":5}},{"start":{"line":184,"column":11},"end":{"line":186,"column":5}}],"line":182},"4":{"loc":{"start":{"line":197,"column":8},"end":{"line":198,"column":76}},"type":"binary-expr","locations":[{"start":{"line":197,"column":9},"end":{"line":197,"column":16}},{"start":{"line":197,"column":20},"end":{"line":197,"column":41}},{"start":{"line":198,"column":9},"end":{"line":198,"column":18}},{"start":{"line":198,"column":22},"end":{"line":198,"column":75}}],"line":197},"5":{"loc":{"start":{"line":201,"column":4},"end":{"line":207,"column":5}},"type":"if","locations":[{"start":{"line":201,"column":4},"end":{"line":207,"column":5}},{"start":{"line":204,"column":11},"end":{"line":207,"column":5}}],"line":201},"6":{"loc":{"start":{"line":228,"column":4},"end":{"line":233,"column":5}},"type":"if","locations":[{"start":{"line":228,"column":4},"end":{"line":233,"column":5}},{"start":{"line":231,"column":11},"end":{"line":233,"column":5}}],"line":228}},"s":{"0":1,"1":1,"2":1,"3":1,"4":1,"5":1,"6":1,"7":1,"8":1,"9":1,"10":0,"11":0,"12":0,"13":1,"14":0,"15":0,"16":0,"17":1,"18":0,"19":0,"20":0,"21":0,"22":0,"23":1,"24":0,"25":0,"26":0,"27":0,"28":0,"29":0,"30":0,"31":0,"32":0,"33":0,"34":0,"35":0,"36":1,"37":0,"38":0,"39":0,"40":0,"41":0,"42":0,"43":0,"44":1,"45":0,"46":0,"47":0,"48":0,"49":0,"50":0,"51":0,"52":0,"53":1,"54":0,"55":0,"56":0,"57":0,"58":0,"59":0,"60":0,"61":0},"f":{"0":0,"1":0,"2":0,"3":0,"4":0,"5":0,"6":0,"7":0,"8":0,"9":0,"10":0,"11":0,"12":0,"13":0,"14":0,"15":0,"16":0},"b":{"0":[0,0],"1":[0,0],"2":[0,0],"3":[0,0],"4":[0,0,0,0],"5":[0,0],"6":[0,0]},"_coverageSchema":"1a1c01bbd47fc00a2c39e90264f33305004495a9","hash":"76e67bf3cd15225b05261346a5675c3ccf60568f"}
,"C:\\Users\\Nothando\\Documents\\3rd year 2024\\SD Project sem2\\KuduNav-BusSchedule\\src\\routes\\notifyRoute.js": {"path":"C:\\Users\\Nothando\\Documents\\3rd year 2024\\SD Project sem2\\KuduNav-BusSchedule\\src\\routes\\notifyRoute.js","statementMap":{"0":{"start":{"line":7,"column":21},"end":{"line":7,"column":37}},"1":{"start":{"line":9,"column":41},"end":{"line":30,"column":1}},"2":{"start":{"line":10,"column":4},"end":{"line":29,"column":5}},"3":{"start":{"line":11,"column":28},"end":{"line":11,"column":38}},"4":{"start":{"line":12,"column":33},"end":{"line":12,"column":80}},"5":{"start":{"line":15,"column":34},"end":{"line":17,"column":10}},"6":{"start":{"line":19,"column":8},"end":{"line":26,"column":9}},"7":{"start":{"line":20,"column":36},"end":{"line":20,"column":92}},"8":{"start":{"line":23,"column":12},"end":{"line":25,"column":15}},"9":{"start":{"line":24,"column":16},"end":{"line":24,"column":80}},"10":{"start":{"line":28,"column":8},"end":{"line":28,"column":66}},"11":{"start":{"line":33,"column":25},"end":{"line":36,"column":1}},"12":{"start":{"line":34,"column":4},"end":{"line":34,"column":101}},"13":{"start":{"line":39,"column":0},"end":{"line":46,"column":3}},"14":{"start":{"line":40,"column":4},"end":{"line":45,"column":5}},"15":{"start":{"line":41,"column":8},"end":{"line":41,"column":49}},"16":{"start":{"line":42,"column":8},"end":{"line":42,"column":76}},"17":{"start":{"line":44,"column":8},"end":{"line":44,"column":67}},"18":{"start":{"line":49,"column":0},"end":{"line":49,"column":65}}},"fnMap":{"0":{"name":"(anonymous_0)","decl":{"start":{"line":9,"column":41},"end":{"line":9,"column":42}},"loc":{"start":{"line":9,"column":53},"end":{"line":30,"column":1}},"line":9},"1":{"name":"(anonymous_1)","decl":{"start":{"line":23,"column":36},"end":{"line":23,"column":37}},"loc":{"start":{"line":23,"column":44},"end":{"line":25,"column":13}},"line":23},"2":{"name":"(anonymous_2)","decl":{"start":{"line":33,"column":25},"end":{"line":33,"column":26}},"loc":{"start":{"line":33,"column":46},"end":{"line":36,"column":1}},"line":33},"3":{"name":"(anonymous_3)","decl":{"start":{"line":39,"column":29},"end":{"line":39,"column":30}},"loc":{"start":{"line":39,"column":49},"end":{"line":46,"column":1}},"line":39}},"branchMap":{},"s":{"0":1,"1":1,"2":0,"3":0,"4":0,"5":0,"6":0,"7":0,"8":0,"9":0,"10":0,"11":1,"12":0,"13":1,"14":0,"15":0,"16":0,"17":0,"18":1},"f":{"0":0,"1":0,"2":0,"3":0},"b":{},"_coverageSchema":"1a1c01bbd47fc00a2c39e90264f33305004495a9","hash":"70d79555b3a6d86ce6987e67585b6506e437c9c6"}
,"C:\\Users\\Nothando\\Documents\\3rd year 2024\\SD Project sem2\\KuduNav-BusSchedule\\src\\routes\\routesRoute.js": {"path":"C:\\Users\\Nothando\\Documents\\3rd year 2024\\SD Project sem2\\KuduNav-BusSchedule\\src\\routes\\routesRoute.js","statementMap":{"0":{"start":{"line":5,"column":21},"end":{"line":5,"column":37}},"1":{"start":{"line":8,"column":0},"end":{"line":8,"column":39}},"2":{"start":{"line":9,"column":0},"end":{"line":9,"column":42}},"3":{"start":{"line":10,"column":0},"end":{"line":10,"column":40}},"4":{"start":{"line":11,"column":0},"end":{"line":11,"column":46}},"5":{"start":{"line":12,"column":0},"end":{"line":12,"column":46}}},"fnMap":{},"branchMap":{},"s":{"0":1,"1":1,"2":1,"3":1,"4":1,"5":1},"f":{},"b":{},"_coverageSchema":"1a1c01bbd47fc00a2c39e90264f33305004495a9","hash":"855a5c9d8693cb60429c2d5ea10bc59376d80bb2"}
,"C:\\Users\\Nothando\\Documents\\3rd year 2024\\SD Project sem2\\KuduNav-BusSchedule\\src\\routes\\scheduleRoute.js": {"path":"C:\\Users\\Nothando\\Documents\\3rd year 2024\\SD Project sem2\\KuduNav-BusSchedule\\src\\routes\\scheduleRoute.js","statementMap":{"0":{"start":{"line":5,"column":23},"end":{"line":5,"column":39}},"1":{"start":{"line":8,"column":0},"end":{"line":8,"column":49}},"2":{"start":{"line":9,"column":0},"end":{"line":9,"column":62}}},"fnMap":{},"branchMap":{},"s":{"0":1,"1":1,"2":1},"f":{},"b":{},"_coverageSchema":"1a1c01bbd47fc00a2c39e90264f33305004495a9","hash":"f474b978141219f09d92851ac7b181fd4fbe738f"}
,"C:\\Users\\Nothando\\Documents\\3rd year 2024\\SD Project sem2\\KuduNav-BusSchedule\\src\\routes\\stopRoute.js": {"path":"C:\\Users\\Nothando\\Documents\\3rd year 2024\\SD Project sem2\\KuduNav-BusSchedule\\src\\routes\\stopRoute.js","statementMap":{"0":{"start":{"line":4,"column":19},"end":{"line":4,"column":35}},"1":{"start":{"line":7,"column":0},"end":{"line":7,"column":35}},"2":{"start":{"line":8,"column":0},"end":{"line":8,"column":37}},"3":{"start":{"line":9,"column":0},"end":{"line":9,"column":42}}},"fnMap":{},"branchMap":{},"s":{"0":1,"1":1,"2":1,"3":1},"f":{},"b":{},"_coverageSchema":"1a1c01bbd47fc00a2c39e90264f33305004495a9","hash":"32a7eb37dff6bf87ecff00d0ee9d796d0aad582b"}
,"C:\\Users\\Nothando\\Documents\\3rd year 2024\\SD Project sem2\\KuduNav-BusSchedule\\src\\routes\\subscriptionRoute.js": {"path":"C:\\Users\\Nothando\\Documents\\3rd year 2024\\SD Project sem2\\KuduNav-BusSchedule\\src\\routes\\subscriptionRoute.js","statementMap":{"0":{"start":{"line":5,"column":18},"end":{"line":5,"column":34}},"1":{"start":{"line":8,"column":0},"end":{"line":8,"column":46}},"2":{"start":{"line":9,"column":0},"end":{"line":9,"column":34}}},"fnMap":{},"branchMap":{},"s":{"0":1,"1":1,"2":1},"f":{},"b":{},"_coverageSchema":"1a1c01bbd47fc00a2c39e90264f33305004495a9","hash":"e77e639a282937ad7147717427dbf265cf8d2fad"}
}
