TN:
SF:config\db.js
FN:5,(anonymous_0)
FNF:1
FNH:1
FNDA:1,(anonymous_0)
DA:3,1
DA:5,1
DA:6,1
DA:7,1
DA:11,0
DA:13,0
DA:14,0
LF:7
LH:4
BRF:0
BRH:0
end_of_record
TN:
SF:controller\busController.js
FN:5,(anonymous_0)
FN:27,(anonymous_1)
FN:38,(anonymous_2)
FNF:3
FNH:0
FNDA:0,(anonymous_0)
FNDA:0,(anonymous_1)
FNDA:0,(anonymous_2)
DA:5,1
DA:7,0
DA:11,0
DA:12,0
DA:13,0
DA:18,0
DA:19,0
DA:27,1
DA:28,0
DA:29,0
DA:30,0
DA:32,0
DA:33,0
DA:38,1
DA:39,0
DA:40,0
DA:41,0
DA:42,0
DA:44,0
DA:45,0
LF:20
LH:3
BRF:0
BRH:0
end_of_record
TN:
SF:controller\routeController.js
FN:7,(anonymous_0)
FN:30,(anonymous_1)
FN:51,(anonymous_2)
FN:54,(anonymous_3)
FN:62,(anonymous_4)
FN:65,(anonymous_5)
FN:73,(anonymous_6)
FNF:7
FNH:0
FNDA:0,(anonymous_0)
FNDA:0,(anonymous_1)
FNDA:0,(anonymous_2)
FNDA:0,(anonymous_3)
FNDA:0,(anonymous_4)
FNDA:0,(anonymous_5)
FNDA:0,(anonymous_6)
DA:7,1
DA:9,0
DA:14,0
DA:15,0
DA:16,0
DA:21,0
DA:22,0
DA:30,1
DA:31,0
DA:32,0
DA:33,0
DA:35,0
DA:36,0
DA:51,1
DA:52,0
DA:53,0
DA:54,0
DA:55,0
DA:57,0
DA:58,0
DA:62,1
DA:63,0
DA:64,0
DA:65,0
DA:66,0
DA:68,0
DA:69,0
DA:73,1
DA:74,0
DA:75,0
DA:76,0
DA:77,0
DA:79,0
DA:80,0
LF:34
LH:5
BRF:0
BRH:0
end_of_record
TN:
SF:controller\scheduleController.js
FN:5,(anonymous_0)
FN:15,(anonymous_1)
FN:25,(anonymous_2)
FN:30,(anonymous_3)
FN:40,(anonymous_4)
FN:49,(anonymous_5)
FN:51,(anonymous_6)
FN:52,(anonymous_7)
FN:67,(anonymous_8)
FN:85,(anonymous_9)
FN:95,(anonymous_10)
FN:104,(anonymous_11)
FN:106,(anonymous_12)
FN:107,(anonymous_13)
FNF:14
FNH:0
FNDA:0,(anonymous_0)
FNDA:0,(anonymous_1)
FNDA:0,(anonymous_2)
FNDA:0,(anonymous_3)
FNDA:0,(anonymous_4)
FNDA:0,(anonymous_5)
FNDA:0,(anonymous_6)
FNDA:0,(anonymous_7)
FNDA:0,(anonymous_8)
FNDA:0,(anonymous_9)
FNDA:0,(anonymous_10)
FNDA:0,(anonymous_11)
FNDA:0,(anonymous_12)
FNDA:0,(anonymous_13)
DA:5,1
DA:6,0
DA:7,0
DA:8,0
DA:10,0
DA:11,0
DA:15,1
DA:16,0
DA:18,0
DA:21,0
DA:22,0
DA:25,0
DA:26,0
DA:27,0
DA:30,0
DA:31,0
DA:32,0
DA:36,0
DA:37,0
DA:40,0
DA:41,0
DA:42,0
DA:46,0
DA:49,0
DA:50,0
DA:51,0
DA:52,0
DA:60,0
DA:62,0
DA:63,0
DA:67,1
DA:68,0
DA:70,0
DA:73,0
DA:76,0
DA:77,0
DA:81,0
DA:82,0
DA:85,0
DA:86,0
DA:87,0
DA:91,0
DA:92,0
DA:95,0
DA:96,0
DA:97,0
DA:101,0
DA:104,0
DA:105,0
DA:106,0
DA:107,0
DA:115,0
DA:117,0
DA:118,0
LF:54
LH:3
BRDA:76,0,0,0
BRDA:76,0,1,0
BRDA:108,1,0,0
BRDA:108,1,1,0
BRF:4
BRH:0
end_of_record
TN:
SF:controller\stopsController.js
FN:5,(anonymous_0)
FN:27,(anonymous_1)
FN:38,(anonymous_2)
FNF:3
FNH:0
FNDA:0,(anonymous_0)
FNDA:0,(anonymous_1)
FNDA:0,(anonymous_2)
DA:5,1
DA:7,0
DA:11,0
DA:12,0
DA:13,0
DA:18,0
DA:19,0
DA:27,1
DA:28,0
DA:29,0
DA:30,0
DA:32,0
DA:33,0
DA:38,1
DA:39,0
DA:40,0
DA:41,0
DA:42,0
DA:44,0
DA:45,0
LF:20
LH:3
BRF:0
BRH:0
end_of_record
TN:
SF:controller\subscribedController.js
FN:10,(anonymous_0)
FN:36,(anonymous_1)
FNF:2
FNH:0
FNDA:0,(anonymous_0)
FNDA:0,(anonymous_1)
DA:10,1
DA:11,0
DA:14,0
DA:15,0
DA:18,0
DA:20,0
DA:26,0
DA:29,0
DA:32,0
DA:36,1
DA:37,0
DA:38,0
DA:39,0
DA:41,0
DA:42,0
LF:15
LH:2
BRDA:14,0,0,0
BRDA:14,0,1,0
BRDA:14,1,0,0
BRDA:14,1,1,0
BRF:4
BRH:0
end_of_record
TN:
SF:models\busModel.js
FNF:0
FNH:0
DA:3,1
DA:8,1
LF:2
LH:2
BRDA:8,0,0,1
BRDA:8,0,1,1
BRF:2
BRH:2
end_of_record
TN:
SF:models\routeModel.js
FNF:0
FNH:0
DA:3,1
DA:9,1
LF:2
LH:2
BRDA:9,0,0,1
BRDA:9,0,1,1
BRF:2
BRH:2
end_of_record
TN:
SF:models\scheduleModel.js
FNF:0
FNH:0
DA:3,1
DA:9,1
DA:17,1
LF:3
LH:3
BRDA:17,0,0,1
BRDA:17,0,1,1
BRF:2
BRH:2
end_of_record
TN:
SF:models\stopsModel.js
FNF:0
FNH:0
DA:3,1
DA:13,1
DA:21,1
LF:3
LH:3
BRDA:21,0,0,1
BRDA:21,0,1,1
BRF:2
BRH:2
end_of_record
TN:
SF:models\subscribedModel.js
FNF:0
FNH:0
DA:3,1
DA:8,1
LF:2
LH:2
BRF:0
BRH:0
end_of_record
TN:
SF:src\app.js
FN:13,(anonymous_0)
FN:19,(anonymous_1)
FNF:2
FNH:1
FNDA:1,(anonymous_0)
FNDA:0,(anonymous_1)
DA:11,1
DA:13,1
DA:14,1
DA:17,1
DA:19,1
DA:20,0
DA:21,0
DA:25,0
DA:29,0
DA:30,0
DA:31,0
DA:33,0
DA:37,1
DA:38,1
DA:39,1
DA:42,1
DA:43,1
LF:17
LH:10
BRDA:30,0,0,0
BRDA:30,0,1,0
BRF:2
BRH:0
end_of_record
TN:
SF:src\routes\busRoute.js
FNF:0
FNH:0
DA:5,1
DA:8,1
DA:9,1
DA:10,1
LF:4
LH:4
BRF:0
BRH:0
end_of_record
TN:
SF:src\routes\busschedule.js
FN:131,(anonymous_0)
FN:139,(anonymous_1)
FN:147,(anonymous_2)
FN:149,(anonymous_3)
FN:157,(anonymous_4)
FN:162,(anonymous_5)
FN:171,(anonymous_6)
FN:173,(anonymous_7)
FN:174,(anonymous_8)
FN:190,(anonymous_9)
FN:196,(anonymous_10)
FN:222,(anonymous_11)
FN:226,(anonymous_12)
FN:237,(anonymous_13)
FN:241,(anonymous_14)
FN:241,(anonymous_15)
FN:243,(anonymous_16)
FNF:17
FNH:0
FNDA:0,(anonymous_0)
FNDA:0,(anonymous_1)
FNDA:0,(anonymous_2)
FNDA:0,(anonymous_3)
FNDA:0,(anonymous_4)
FNDA:0,(anonymous_5)
FNDA:0,(anonymous_6)
FNDA:0,(anonymous_7)
FNDA:0,(anonymous_8)
FNDA:0,(anonymous_9)
FNDA:0,(anonymous_10)
FNDA:0,(anonymous_11)
FNDA:0,(anonymous_12)
FNDA:0,(anonymous_13)
FNDA:0,(anonymous_14)
FNDA:0,(anonymous_15)
FNDA:0,(anonymous_16)
DA:4,1
DA:7,1
DA:10,1
DA:14,1
DA:19,1
DA:115,1
DA:118,1
DA:122,1
DA:127,1
DA:131,1
DA:132,0
DA:133,0
DA:135,0
DA:139,1
DA:140,0
DA:141,0
DA:143,0
DA:147,1
DA:149,0
DA:151,0
DA:152,0
DA:154,0
DA:157,1
DA:159,0
DA:162,0
DA:163,0
DA:164,0
DA:168,0
DA:171,0
DA:172,0
DA:173,0
DA:174,0
DA:182,0
DA:183,0
DA:185,0
DA:190,1
DA:192,0
DA:193,0
DA:196,0
DA:197,0
DA:201,0
DA:203,0
DA:206,0
DA:222,1
DA:223,0
DA:224,0
DA:226,0
DA:228,0
DA:229,0
DA:230,0
DA:232,0
DA:237,1
DA:238,0
DA:241,0
DA:243,0
DA:244,0
DA:254,0
DA:257,0
LF:58
LH:16
BRDA:132,0,0,0
BRDA:132,0,1,0
BRDA:140,1,0,0
BRDA:140,1,1,0
BRDA:151,2,0,0
BRDA:151,2,1,0
BRDA:182,3,0,0
BRDA:182,3,1,0
BRDA:197,4,0,0
BRDA:197,4,1,0
BRDA:197,4,2,0
BRDA:197,4,3,0
BRDA:201,5,0,0
BRDA:201,5,1,0
BRDA:228,6,0,0
BRDA:228,6,1,0
BRF:16
BRH:0
end_of_record
TN:
SF:src\routes\notifyRoute.js
FN:9,(anonymous_0)
FN:23,(anonymous_1)
FN:33,(anonymous_2)
FN:39,(anonymous_3)
FNF:4
FNH:0
FNDA:0,(anonymous_0)
FNDA:0,(anonymous_1)
FNDA:0,(anonymous_2)
FNDA:0,(anonymous_3)
DA:7,1
DA:9,1
DA:10,0
DA:11,0
DA:12,0
DA:15,0
DA:19,0
DA:20,0
DA:23,0
DA:24,0
DA:28,0
DA:33,1
DA:34,0
DA:39,1
DA:40,0
DA:41,0
DA:42,0
DA:44,0
DA:49,1
LF:19
LH:5
BRF:0
BRH:0
end_of_record
TN:
SF:src\routes\routesRoute.js
FNF:0
FNH:0
DA:5,1
DA:8,1
DA:9,1
DA:10,1
DA:11,1
DA:12,1
LF:6
LH:6
BRF:0
BRH:0
end_of_record
TN:
SF:src\routes\scheduleRoute.js
FNF:0
FNH:0
DA:5,1
DA:8,1
DA:9,1
LF:3
LH:3
BRF:0
BRH:0
end_of_record
TN:
SF:src\routes\stopRoute.js
FNF:0
FNH:0
DA:4,1
DA:7,1
DA:8,1
DA:9,1
LF:4
LH:4
BRF:0
BRH:0
end_of_record
TN:
SF:src\routes\subscriptionRoute.js
FNF:0
FNH:0
DA:5,1
DA:8,1
DA:9,1
LF:3
LH:3
BRF:0
BRH:0
end_of_record
